<?xml version="1.0" encoding="UTF-8"?>
<!-- Generated by org.testng.reporters.JUnitReportReporter -->
<testsuite skipped="0" hostname="DESKTOP-VMETACK" name="mavenpracTest.maven_secondTest" tests="1" failures="0" timestamp="2021-11-12T11:58:53 IST" time="0.001" errors="0">
  <testcase name="demo1" time="0.001" classname="mavenpracTest.maven_secondTest"/>
  <system-out/>
</testsuite> <!-- mavenpracTest.maven_secondTest -->
