<?xml version="1.0" encoding="UTF-8"?>
<!-- Generated by org.testng.reporters.JUnitReportReporter -->
<testsuite skipped="0" hostname="DESKTOP-VMETACK" name="mavenpracTest.SmokeTest" tests="1" failures="0" timestamp="2021-11-12T11:58:53 IST" time="0.000" errors="0">
  <testcase name="demo" time="0.000" classname="mavenpracTest.SmokeTest"/>
  <system-out/>
</testsuite> <!-- mavenpracTest.SmokeTest -->
