<?xml version="1.0" encoding="UTF-8"?>
<!-- Generated by org.testng.reporters.JUnitReportReporter -->
<testsuite hostname="DESKTOP-VMETACK" failures="0" tests="1" name="Gitpractiec.Demo1" time="0.011" errors="0" timestamp="2021-11-11T14:06:29 IST" skipped="0">
  <testcase classname="Gitpractiec.Demo1" name="demo" time="0.011"/>
  <system-out/>
</testsuite> <!-- Gitpractiec.Demo1 -->
