<?xml version="1.0" encoding="UTF-8"?>
<!-- Generated by org.testng.reporters.JUnitReportReporter -->
<testsuite hostname="DESKTOP-VMETACK" failures="0" tests="1" name="Gitpractiec.Demo2" time="0.014" errors="0" timestamp="2021-11-11T14:08:04 IST" skipped="0">
  <testcase classname="Gitpractiec.Demo2" name="demoprac" time="0.014"/>
  <system-out/>
</testsuite> <!-- Gitpractiec.Demo2 -->
