<?xml version="1.0" encoding="UTF-8"?>
<!-- Generated by org.testng.reporters.JUnitReportReporter -->
<testsuite hostname="DESKTOP-VMETACK" failures="0" tests="1" name="Gitpractiec.GitpracticeTest" time="0.012" errors="0" timestamp="2021-11-12T10:02:28 IST" skipped="0">
  <testcase classname="Gitpractiec.GitpracticeTest" name="demo" time="0.012"/>
  <system-out/>
</testsuite> <!-- Gitpractiec.GitpracticeTest -->
