<?xml version="1.0" encoding="UTF-8"?>
<!-- Generated by org.testng.reporters.JUnitReportReporter -->
<testsuite hostname="DESKTOP-VMETACK" failures="0" tests="1" name="mavenpracTest.maven_secondTest" time="0.012" errors="0" timestamp="2021-11-11T14:32:35 IST" skipped="0">
  <testcase classname="mavenpracTest.maven_secondTest" name="demo1" time="0.012"/>
  <system-out/>
</testsuite> <!-- mavenpracTest.maven_secondTest -->
