<?xml version="1.0" encoding="UTF-8"?>
<!-- Generated by org.testng.reporters.JUnitReportReporter -->
<testsuite hostname="DESKTOP-VMETACK" failures="0" tests="1" name="maven_secondTest" time="0.002" errors="0" timestamp="2021-11-10T21:33:28 IST" skipped="0">
  <testcase classname="maven_secondTest" name="demo1" time="0.002"/>
  <system-out/>
</testsuite> <!-- maven_secondTest -->
