<?xml version="1.0" encoding="UTF-8"?>
<!-- Generated by org.testng.reporters.JUnitReportReporter -->
<testsuite hostname="DESKTOP-VMETACK" failures="0" tests="1" name="maventhirdTest" time="0.012" errors="0" timestamp="2021-11-10T21:33:28 IST" skipped="0">
  <testcase classname="maventhirdTest" name="demo" time="0.012"/>
  <system-out/>
</testsuite> <!-- maventhirdTest -->
