<?xml version="1.0" encoding="UTF-8"?>
<!-- Generated by org.testng.reporters.JUnitReportReporter -->
<testsuite hostname="DESKTOP-VMETACK" failures="0" tests="1" name="practice.DeselectLastbox" time="27.507" errors="0" timestamp="2021-11-09T19:52:06 IST" skipped="0">
  <testcase classname="practice.DeselectLastbox" name="Clicklistbo" time="27.507"/>
  <system-out/>
</testsuite> <!-- practice.DeselectLastbox -->
