<?xml version="1.0" encoding="UTF-8"?>
<!-- Generated by org.testng.reporters.JUnitReportReporter -->
<testsuite hostname="DESKTOP-VMETACK" failures="0" tests="1" name="practice.Allcheckboxes" time="22.478" errors="0" timestamp="2021-11-09T15:52:46 IST" skipped="0">
  <testcase classname="practice.Allcheckboxes" name="Clicklistbo" time="22.478"/>
  <system-out/>
</testsuite> <!-- practice.Allcheckboxes -->
