<?xml version="1.0" encoding="UTF-8"?>
<!-- Generated by org.testng.reporters.JUnitReportReporter -->
<testsuite hostname="DESKTOP-VMETACK" failures="0" tests="1" name="com.crm.comcast.OrgnizationTest.OrganizationIndustryTypeTest" time="22.198" errors="0" timestamp="2021-11-03T10:29:11 IST" skipped="0">
  <testcase classname="com.crm.comcast.OrgnizationTest.OrganizationIndustryTypeTest" name="Organization_IndustryTypeTest" time="22.198"/>
  <system-out/>
</testsuite> <!-- com.crm.comcast.OrgnizationTest.OrganizationIndustryTypeTest -->
