<?xml version="1.0" encoding="UTF-8"?>
<!-- Generated by org.testng.reporters.JUnitReportReporter -->
<testsuite hostname="DESKTOP-VMETACK" failures="0" tests="1" name="practice.CheckboxText" time="20.596" errors="0" timestamp="2021-11-09T20:03:07 IST" skipped="0">
  <testcase classname="practice.CheckboxText" name="Clicklistbo" time="20.596"/>
  <system-out/>
</testsuite> <!-- practice.CheckboxText -->
