<?xml version="1.0" encoding="UTF-8"?>
<!-- Generated by org.testng.reporters.JUnitReportReporter -->
<testsuite hostname="DESKTOP-VMETACK" failures="0" tests="1" name="practice.DeleteOrga" time="34.692" errors="0" timestamp="2021-11-10T10:03:05 IST" skipped="0">
  <testcase classname="practice.DeleteOrga" name="Clicklistbo" time="34.692"/>
  <system-out/>
</testsuite> <!-- practice.DeleteOrga -->
