<?xml version="1.0" encoding="UTF-8"?>
<!-- Generated by org.testng.reporters.JUnitReportReporter -->
<testsuite hostname="LAPTOP-A71K545E" failures="0" tests="1" name="practice.CreateOrganizationTest" time="13.959" errors="0" timestamp="2021-10-28T15:07:42 IST" skipped="0">
  <testcase classname="practice.CreateOrganizationTest" name="Org" time="13.959"/>
  <system-out/>
</testsuite> <!-- practice.CreateOrganizationTest -->
