<?xml version="1.0" encoding="UTF-8"?>
<!-- Generated by org.testng.reporters.JUnitReportReporter -->
<testsuite hostname="DESKTOP-VMETACK" failures="0" tests="1" name="com.crm.comcast.OrgnizationTest.ContactTest" time="23.733" errors="0" timestamp="2021-11-03T17:12:14 IST" skipped="0">
  <testcase classname="com.crm.comcast.OrgnizationTest.ContactTest" name="Contact_Test" time="23.733"/>
  <system-out/>
</testsuite> <!-- com.crm.comcast.OrgnizationTest.ContactTest -->
