<?xml version="1.0" encoding="UTF-8"?>
<!-- Generated by org.testng.reporters.JUnitReportReporter -->
<testsuite hostname="DESKTOP-VMETACK" failures="0" tests="2" name="com.crm.comcast.OrgnizationTest.Organization_contactTest" time="132.621" errors="0" timestamp="2021-11-08T22:13:50 IST" skipped="0">
  <testcase classname="com.crm.comcast.OrgnizationTest.Organization_contactTest" name="Organization" time="64.511"/>
  <system-out/>
  <testcase classname="com.crm.comcast.OrgnizationTest.Organization_contactTest" name="CreatContact" time="68.110"/>
  <system-out/>
</testsuite> <!-- com.crm.comcast.OrgnizationTest.Organization_contactTest -->
