<?xml version="1.0" encoding="UTF-8"?>
<!-- Generated by org.testng.reporters.JUnitReportReporter -->
<testsuite hostname="DESKTOP-VMETACK" failures="0" tests="1" name="com.crm.comcast.OrgnizationTest.ContactwithOrganization" time="43.631" errors="0" timestamp="2021-11-02T23:34:40 IST" skipped="0">
  <testcase classname="com.crm.comcast.OrgnizationTest.ContactwithOrganization" name="ContactwithOrganization" time="43.631"/>
  <system-out/>
</testsuite> <!-- com.crm.comcast.OrgnizationTest.ContactwithOrganization -->
