<?xml version="1.0" encoding="UTF-8"?>
<!-- Generated by org.testng.reporters.JUnitReportReporter -->
<testsuite hostname="DESKTOP-VMETACK" failures="0" tests="1" name="com.crm.comcast.OrgnizationTest.OrganizationTest" time="56.039" errors="0" timestamp="2021-11-02T23:45:03 IST" skipped="0">
  <testcase classname="com.crm.comcast.OrgnizationTest.OrganizationTest" name="orgitest" time="56.039"/>
  <system-out/>
</testsuite> <!-- com.crm.comcast.OrgnizationTest.OrganizationTest -->
