<?xml version="1.0" encoding="UTF-8"?>
<!-- Generated by org.testng.reporters.JUnitReportReporter -->
<testsuite hostname="DESKTOP-VMETACK" failures="0" tests="1" name="practice.Organization5" time="15.347" errors="0" timestamp="2021-11-09T21:48:57 IST" skipped="0">
  <testcase classname="practice.Organization5" name="Clicklistbo" time="15.347"/>
  <system-out/>
</testsuite> <!-- practice.Organization5 -->
