<?xml version="1.0" encoding="UTF-8"?>
<!-- Generated by org.testng.reporters.JUnitReportReporter -->
<testsuite skipped="0" hostname="DESKTOP-VMETACK" name="com.crm.comcast.OrgnizationTest.Organization_contactTest" tests="1" failures="0" timestamp="2021-11-14T11:37:21 IST" time="138.399" errors="0">
  <testcase name="Organization" time="138.399" classname="com.crm.comcast.OrgnizationTest.Organization_contactTest"/>
  <system-out/>
</testsuite> <!-- com.crm.comcast.OrgnizationTest.Organization_contactTest -->
